ARM GAS  C:\Users\edbis\AppData\Local\Temp\ccuD88lX.s 			page 1


   1              		.cpu cortex-m4
   2              		.arch armv7e-m
   3              		.fpu fpv4-sp-d16
   4              		.eabi_attribute 27, 1
   5              		.eabi_attribute 28, 1
   6              		.eabi_attribute 20, 1
   7              		.eabi_attribute 21, 1
   8              		.eabi_attribute 23, 3
   9              		.eabi_attribute 24, 1
  10              		.eabi_attribute 25, 1
  11              		.eabi_attribute 26, 1
  12              		.eabi_attribute 30, 6
  13              		.eabi_attribute 34, 1
  14              		.eabi_attribute 18, 4
  15              		.file	"stm32f4xx_hal_msp.c"
  16              		.text
  17              	.Ltext0:
  18              		.cfi_sections	.debug_frame
  19              		.section	.text.HAL_MspInit,"ax",%progbits
  20              		.align	1
  21              		.global	HAL_MspInit
  22              		.syntax unified
  23              		.thumb
  24              		.thumb_func
  26              	HAL_MspInit:
  27              	.LFB216:
  28              		.file 1 "Core/Src/stm32f4xx_hal_msp.c"
   1:Core/Src/stm32f4xx_hal_msp.c **** /* USER CODE BEGIN Header */
   2:Core/Src/stm32f4xx_hal_msp.c **** /**
   3:Core/Src/stm32f4xx_hal_msp.c ****   ******************************************************************************
   4:Core/Src/stm32f4xx_hal_msp.c ****   * @file         stm32f4xx_hal_msp.c
   5:Core/Src/stm32f4xx_hal_msp.c ****   * @brief        This file provides code for the MSP Initialization
   6:Core/Src/stm32f4xx_hal_msp.c ****   *               and de-Initialization codes.
   7:Core/Src/stm32f4xx_hal_msp.c ****   ******************************************************************************
   8:Core/Src/stm32f4xx_hal_msp.c ****   * @attention
   9:Core/Src/stm32f4xx_hal_msp.c ****   *
  10:Core/Src/stm32f4xx_hal_msp.c ****   * Copyright (c) 2022 STMicroelectronics.
  11:Core/Src/stm32f4xx_hal_msp.c ****   * All rights reserved.
  12:Core/Src/stm32f4xx_hal_msp.c ****   *
  13:Core/Src/stm32f4xx_hal_msp.c ****   * This software is licensed under terms that can be found in the LICENSE file
  14:Core/Src/stm32f4xx_hal_msp.c ****   * in the root directory of this software component.
  15:Core/Src/stm32f4xx_hal_msp.c ****   * If no LICENSE file comes with this software, it is provided AS-IS.
  16:Core/Src/stm32f4xx_hal_msp.c ****   *
  17:Core/Src/stm32f4xx_hal_msp.c ****   ******************************************************************************
  18:Core/Src/stm32f4xx_hal_msp.c ****   */
  19:Core/Src/stm32f4xx_hal_msp.c **** /* USER CODE END Header */
  20:Core/Src/stm32f4xx_hal_msp.c **** 
  21:Core/Src/stm32f4xx_hal_msp.c **** /* Includes ------------------------------------------------------------------*/
  22:Core/Src/stm32f4xx_hal_msp.c **** #include "main.h"
  23:Core/Src/stm32f4xx_hal_msp.c **** /* USER CODE BEGIN Includes */
  24:Core/Src/stm32f4xx_hal_msp.c **** 
  25:Core/Src/stm32f4xx_hal_msp.c **** /* USER CODE END Includes */
  26:Core/Src/stm32f4xx_hal_msp.c **** 
  27:Core/Src/stm32f4xx_hal_msp.c **** /* Private typedef -----------------------------------------------------------*/
  28:Core/Src/stm32f4xx_hal_msp.c **** /* USER CODE BEGIN TD */
  29:Core/Src/stm32f4xx_hal_msp.c **** 
  30:Core/Src/stm32f4xx_hal_msp.c **** /* USER CODE END TD */
ARM GAS  C:\Users\edbis\AppData\Local\Temp\ccuD88lX.s 			page 2


  31:Core/Src/stm32f4xx_hal_msp.c **** 
  32:Core/Src/stm32f4xx_hal_msp.c **** /* Private define ------------------------------------------------------------*/
  33:Core/Src/stm32f4xx_hal_msp.c **** /* USER CODE BEGIN Define */
  34:Core/Src/stm32f4xx_hal_msp.c **** 
  35:Core/Src/stm32f4xx_hal_msp.c **** /* USER CODE END Define */
  36:Core/Src/stm32f4xx_hal_msp.c **** 
  37:Core/Src/stm32f4xx_hal_msp.c **** /* Private macro -------------------------------------------------------------*/
  38:Core/Src/stm32f4xx_hal_msp.c **** /* USER CODE BEGIN Macro */
  39:Core/Src/stm32f4xx_hal_msp.c **** 
  40:Core/Src/stm32f4xx_hal_msp.c **** /* USER CODE END Macro */
  41:Core/Src/stm32f4xx_hal_msp.c **** 
  42:Core/Src/stm32f4xx_hal_msp.c **** /* Private variables ---------------------------------------------------------*/
  43:Core/Src/stm32f4xx_hal_msp.c **** /* USER CODE BEGIN PV */
  44:Core/Src/stm32f4xx_hal_msp.c **** 
  45:Core/Src/stm32f4xx_hal_msp.c **** /* USER CODE END PV */
  46:Core/Src/stm32f4xx_hal_msp.c **** 
  47:Core/Src/stm32f4xx_hal_msp.c **** /* Private function prototypes -----------------------------------------------*/
  48:Core/Src/stm32f4xx_hal_msp.c **** /* USER CODE BEGIN PFP */
  49:Core/Src/stm32f4xx_hal_msp.c **** 
  50:Core/Src/stm32f4xx_hal_msp.c **** /* USER CODE END PFP */
  51:Core/Src/stm32f4xx_hal_msp.c **** 
  52:Core/Src/stm32f4xx_hal_msp.c **** /* External functions --------------------------------------------------------*/
  53:Core/Src/stm32f4xx_hal_msp.c **** /* USER CODE BEGIN ExternalFunctions */
  54:Core/Src/stm32f4xx_hal_msp.c **** 
  55:Core/Src/stm32f4xx_hal_msp.c **** /* USER CODE END ExternalFunctions */
  56:Core/Src/stm32f4xx_hal_msp.c **** 
  57:Core/Src/stm32f4xx_hal_msp.c **** /* USER CODE BEGIN 0 */
  58:Core/Src/stm32f4xx_hal_msp.c **** 
  59:Core/Src/stm32f4xx_hal_msp.c **** /* USER CODE END 0 */
  60:Core/Src/stm32f4xx_hal_msp.c **** 
  61:Core/Src/stm32f4xx_hal_msp.c **** void HAL_TIM_MspPostInit(TIM_HandleTypeDef *htim);
  62:Core/Src/stm32f4xx_hal_msp.c ****                     /**
  63:Core/Src/stm32f4xx_hal_msp.c ****   * Initializes the Global MSP.
  64:Core/Src/stm32f4xx_hal_msp.c ****   */
  65:Core/Src/stm32f4xx_hal_msp.c **** void HAL_MspInit(void)
  66:Core/Src/stm32f4xx_hal_msp.c **** {
  29              		.loc 1 66 1
  30              		.cfi_startproc
  31              		@ args = 0, pretend = 0, frame = 8
  32              		@ frame_needed = 1, uses_anonymous_args = 0
  33              		@ link register save eliminated.
  34 0000 80B4     		push	{r7}
  35              	.LCFI0:
  36              		.cfi_def_cfa_offset 4
  37              		.cfi_offset 7, -4
  38 0002 83B0     		sub	sp, sp, #12
  39              	.LCFI1:
  40              		.cfi_def_cfa_offset 16
  41 0004 00AF     		add	r7, sp, #0
  42              	.LCFI2:
  43              		.cfi_def_cfa_register 7
  44              	.LBB2:
  67:Core/Src/stm32f4xx_hal_msp.c ****   /* USER CODE BEGIN MspInit 0 */
  68:Core/Src/stm32f4xx_hal_msp.c **** 
  69:Core/Src/stm32f4xx_hal_msp.c ****   /* USER CODE END MspInit 0 */
  70:Core/Src/stm32f4xx_hal_msp.c **** 
  71:Core/Src/stm32f4xx_hal_msp.c ****   __HAL_RCC_SYSCFG_CLK_ENABLE();
ARM GAS  C:\Users\edbis\AppData\Local\Temp\ccuD88lX.s 			page 3


  45              		.loc 1 71 3
  46 0006 0023     		movs	r3, #0
  47 0008 7B60     		str	r3, [r7, #4]
  48 000a 104B     		ldr	r3, .L2
  49 000c 5B6C     		ldr	r3, [r3, #68]
  50 000e 0F4A     		ldr	r2, .L2
  51 0010 43F48043 		orr	r3, r3, #16384
  52 0014 5364     		str	r3, [r2, #68]
  53 0016 0D4B     		ldr	r3, .L2
  54 0018 5B6C     		ldr	r3, [r3, #68]
  55 001a 03F48043 		and	r3, r3, #16384
  56 001e 7B60     		str	r3, [r7, #4]
  57 0020 7B68     		ldr	r3, [r7, #4]
  58              	.LBE2:
  59              	.LBB3:
  72:Core/Src/stm32f4xx_hal_msp.c ****   __HAL_RCC_PWR_CLK_ENABLE();
  60              		.loc 1 72 3
  61 0022 0023     		movs	r3, #0
  62 0024 3B60     		str	r3, [r7]
  63 0026 094B     		ldr	r3, .L2
  64 0028 1B6C     		ldr	r3, [r3, #64]
  65 002a 084A     		ldr	r2, .L2
  66 002c 43F08053 		orr	r3, r3, #268435456
  67 0030 1364     		str	r3, [r2, #64]
  68 0032 064B     		ldr	r3, .L2
  69 0034 1B6C     		ldr	r3, [r3, #64]
  70 0036 03F08053 		and	r3, r3, #268435456
  71 003a 3B60     		str	r3, [r7]
  72 003c 3B68     		ldr	r3, [r7]
  73              	.LBE3:
  73:Core/Src/stm32f4xx_hal_msp.c **** 
  74:Core/Src/stm32f4xx_hal_msp.c ****   /* System interrupt init*/
  75:Core/Src/stm32f4xx_hal_msp.c **** 
  76:Core/Src/stm32f4xx_hal_msp.c ****   /* USER CODE BEGIN MspInit 1 */
  77:Core/Src/stm32f4xx_hal_msp.c **** 
  78:Core/Src/stm32f4xx_hal_msp.c ****   /* USER CODE END MspInit 1 */
  79:Core/Src/stm32f4xx_hal_msp.c **** }
  74              		.loc 1 79 1
  75 003e 00BF     		nop
  76 0040 0C37     		adds	r7, r7, #12
  77              	.LCFI3:
  78              		.cfi_def_cfa_offset 4
  79 0042 BD46     		mov	sp, r7
  80              	.LCFI4:
  81              		.cfi_def_cfa_register 13
  82              		@ sp needed
  83 0044 5DF8047B 		ldr	r7, [sp], #4
  84              	.LCFI5:
  85              		.cfi_restore 7
  86              		.cfi_def_cfa_offset 0
  87 0048 7047     		bx	lr
  88              	.L3:
  89 004a 00BF     		.align	2
  90              	.L2:
  91 004c 00380240 		.word	1073887232
  92              		.cfi_endproc
  93              	.LFE216:
ARM GAS  C:\Users\edbis\AppData\Local\Temp\ccuD88lX.s 			page 4


  95              		.section	.text.HAL_ADC_MspInit,"ax",%progbits
  96              		.align	1
  97              		.global	HAL_ADC_MspInit
  98              		.syntax unified
  99              		.thumb
 100              		.thumb_func
 102              	HAL_ADC_MspInit:
 103              	.LFB217:
  80:Core/Src/stm32f4xx_hal_msp.c **** 
  81:Core/Src/stm32f4xx_hal_msp.c **** /**
  82:Core/Src/stm32f4xx_hal_msp.c **** * @brief ADC MSP Initialization
  83:Core/Src/stm32f4xx_hal_msp.c **** * This function configures the hardware resources used in this example
  84:Core/Src/stm32f4xx_hal_msp.c **** * @param hadc: ADC handle pointer
  85:Core/Src/stm32f4xx_hal_msp.c **** * @retval None
  86:Core/Src/stm32f4xx_hal_msp.c **** */
  87:Core/Src/stm32f4xx_hal_msp.c **** void HAL_ADC_MspInit(ADC_HandleTypeDef* hadc)
  88:Core/Src/stm32f4xx_hal_msp.c **** {
 104              		.loc 1 88 1
 105              		.cfi_startproc
 106              		@ args = 0, pretend = 0, frame = 40
 107              		@ frame_needed = 1, uses_anonymous_args = 0
 108 0000 80B5     		push	{r7, lr}
 109              	.LCFI6:
 110              		.cfi_def_cfa_offset 8
 111              		.cfi_offset 7, -8
 112              		.cfi_offset 14, -4
 113 0002 8AB0     		sub	sp, sp, #40
 114              	.LCFI7:
 115              		.cfi_def_cfa_offset 48
 116 0004 00AF     		add	r7, sp, #0
 117              	.LCFI8:
 118              		.cfi_def_cfa_register 7
 119 0006 7860     		str	r0, [r7, #4]
  89:Core/Src/stm32f4xx_hal_msp.c ****   GPIO_InitTypeDef GPIO_InitStruct = {0};
 120              		.loc 1 89 20
 121 0008 07F11403 		add	r3, r7, #20
 122 000c 0022     		movs	r2, #0
 123 000e 1A60     		str	r2, [r3]
 124 0010 5A60     		str	r2, [r3, #4]
 125 0012 9A60     		str	r2, [r3, #8]
 126 0014 DA60     		str	r2, [r3, #12]
 127 0016 1A61     		str	r2, [r3, #16]
  90:Core/Src/stm32f4xx_hal_msp.c ****   if(hadc->Instance==ADC1)
 128              		.loc 1 90 10
 129 0018 7B68     		ldr	r3, [r7, #4]
 130 001a 1B68     		ldr	r3, [r3]
 131              		.loc 1 90 5
 132 001c 174A     		ldr	r2, .L7
 133 001e 9342     		cmp	r3, r2
 134 0020 27D1     		bne	.L6
 135              	.LBB4:
  91:Core/Src/stm32f4xx_hal_msp.c ****   {
  92:Core/Src/stm32f4xx_hal_msp.c ****   /* USER CODE BEGIN ADC1_MspInit 0 */
  93:Core/Src/stm32f4xx_hal_msp.c **** 
  94:Core/Src/stm32f4xx_hal_msp.c ****   /* USER CODE END ADC1_MspInit 0 */
  95:Core/Src/stm32f4xx_hal_msp.c ****     /* Peripheral clock enable */
  96:Core/Src/stm32f4xx_hal_msp.c ****     __HAL_RCC_ADC1_CLK_ENABLE();
ARM GAS  C:\Users\edbis\AppData\Local\Temp\ccuD88lX.s 			page 5


 136              		.loc 1 96 5
 137 0022 0023     		movs	r3, #0
 138 0024 3B61     		str	r3, [r7, #16]
 139 0026 164B     		ldr	r3, .L7+4
 140 0028 5B6C     		ldr	r3, [r3, #68]
 141 002a 154A     		ldr	r2, .L7+4
 142 002c 43F48073 		orr	r3, r3, #256
 143 0030 5364     		str	r3, [r2, #68]
 144 0032 134B     		ldr	r3, .L7+4
 145 0034 5B6C     		ldr	r3, [r3, #68]
 146 0036 03F48073 		and	r3, r3, #256
 147 003a 3B61     		str	r3, [r7, #16]
 148 003c 3B69     		ldr	r3, [r7, #16]
 149              	.LBE4:
 150              	.LBB5:
  97:Core/Src/stm32f4xx_hal_msp.c **** 
  98:Core/Src/stm32f4xx_hal_msp.c ****     __HAL_RCC_GPIOA_CLK_ENABLE();
 151              		.loc 1 98 5
 152 003e 0023     		movs	r3, #0
 153 0040 FB60     		str	r3, [r7, #12]
 154 0042 0F4B     		ldr	r3, .L7+4
 155 0044 1B6B     		ldr	r3, [r3, #48]
 156 0046 0E4A     		ldr	r2, .L7+4
 157 0048 43F00103 		orr	r3, r3, #1
 158 004c 1363     		str	r3, [r2, #48]
 159 004e 0C4B     		ldr	r3, .L7+4
 160 0050 1B6B     		ldr	r3, [r3, #48]
 161 0052 03F00103 		and	r3, r3, #1
 162 0056 FB60     		str	r3, [r7, #12]
 163 0058 FB68     		ldr	r3, [r7, #12]
 164              	.LBE5:
  99:Core/Src/stm32f4xx_hal_msp.c ****     /**ADC1 GPIO Configuration
 100:Core/Src/stm32f4xx_hal_msp.c ****     PA0-WKUP     ------> ADC1_IN0
 101:Core/Src/stm32f4xx_hal_msp.c ****     */
 102:Core/Src/stm32f4xx_hal_msp.c ****     GPIO_InitStruct.Pin = GPIO_PIN_0;
 165              		.loc 1 102 25
 166 005a 0123     		movs	r3, #1
 167 005c 7B61     		str	r3, [r7, #20]
 103:Core/Src/stm32f4xx_hal_msp.c ****     GPIO_InitStruct.Mode = GPIO_MODE_ANALOG;
 168              		.loc 1 103 26
 169 005e 0323     		movs	r3, #3
 170 0060 BB61     		str	r3, [r7, #24]
 104:Core/Src/stm32f4xx_hal_msp.c ****     GPIO_InitStruct.Pull = GPIO_NOPULL;
 171              		.loc 1 104 26
 172 0062 0023     		movs	r3, #0
 173 0064 FB61     		str	r3, [r7, #28]
 105:Core/Src/stm32f4xx_hal_msp.c ****     HAL_GPIO_Init(GPIOA, &GPIO_InitStruct);
 174              		.loc 1 105 5
 175 0066 07F11403 		add	r3, r7, #20
 176 006a 1946     		mov	r1, r3
 177 006c 0548     		ldr	r0, .L7+8
 178 006e FFF7FEFF 		bl	HAL_GPIO_Init
 179              	.L6:
 106:Core/Src/stm32f4xx_hal_msp.c **** 
 107:Core/Src/stm32f4xx_hal_msp.c ****   /* USER CODE BEGIN ADC1_MspInit 1 */
 108:Core/Src/stm32f4xx_hal_msp.c **** 
 109:Core/Src/stm32f4xx_hal_msp.c ****   /* USER CODE END ADC1_MspInit 1 */
ARM GAS  C:\Users\edbis\AppData\Local\Temp\ccuD88lX.s 			page 6


 110:Core/Src/stm32f4xx_hal_msp.c ****   }
 111:Core/Src/stm32f4xx_hal_msp.c **** 
 112:Core/Src/stm32f4xx_hal_msp.c **** }
 180              		.loc 1 112 1
 181 0072 00BF     		nop
 182 0074 2837     		adds	r7, r7, #40
 183              	.LCFI9:
 184              		.cfi_def_cfa_offset 8
 185 0076 BD46     		mov	sp, r7
 186              	.LCFI10:
 187              		.cfi_def_cfa_register 13
 188              		@ sp needed
 189 0078 80BD     		pop	{r7, pc}
 190              	.L8:
 191 007a 00BF     		.align	2
 192              	.L7:
 193 007c 00200140 		.word	1073815552
 194 0080 00380240 		.word	1073887232
 195 0084 00000240 		.word	1073872896
 196              		.cfi_endproc
 197              	.LFE217:
 199              		.section	.text.HAL_ADC_MspDeInit,"ax",%progbits
 200              		.align	1
 201              		.global	HAL_ADC_MspDeInit
 202              		.syntax unified
 203              		.thumb
 204              		.thumb_func
 206              	HAL_ADC_MspDeInit:
 207              	.LFB218:
 113:Core/Src/stm32f4xx_hal_msp.c **** 
 114:Core/Src/stm32f4xx_hal_msp.c **** /**
 115:Core/Src/stm32f4xx_hal_msp.c **** * @brief ADC MSP De-Initialization
 116:Core/Src/stm32f4xx_hal_msp.c **** * This function freeze the hardware resources used in this example
 117:Core/Src/stm32f4xx_hal_msp.c **** * @param hadc: ADC handle pointer
 118:Core/Src/stm32f4xx_hal_msp.c **** * @retval None
 119:Core/Src/stm32f4xx_hal_msp.c **** */
 120:Core/Src/stm32f4xx_hal_msp.c **** void HAL_ADC_MspDeInit(ADC_HandleTypeDef* hadc)
 121:Core/Src/stm32f4xx_hal_msp.c **** {
 208              		.loc 1 121 1
 209              		.cfi_startproc
 210              		@ args = 0, pretend = 0, frame = 8
 211              		@ frame_needed = 1, uses_anonymous_args = 0
 212 0000 80B5     		push	{r7, lr}
 213              	.LCFI11:
 214              		.cfi_def_cfa_offset 8
 215              		.cfi_offset 7, -8
 216              		.cfi_offset 14, -4
 217 0002 82B0     		sub	sp, sp, #8
 218              	.LCFI12:
 219              		.cfi_def_cfa_offset 16
 220 0004 00AF     		add	r7, sp, #0
 221              	.LCFI13:
 222              		.cfi_def_cfa_register 7
 223 0006 7860     		str	r0, [r7, #4]
 122:Core/Src/stm32f4xx_hal_msp.c ****   if(hadc->Instance==ADC1)
 224              		.loc 1 122 10
 225 0008 7B68     		ldr	r3, [r7, #4]
ARM GAS  C:\Users\edbis\AppData\Local\Temp\ccuD88lX.s 			page 7


 226 000a 1B68     		ldr	r3, [r3]
 227              		.loc 1 122 5
 228 000c 084A     		ldr	r2, .L12
 229 000e 9342     		cmp	r3, r2
 230 0010 09D1     		bne	.L11
 123:Core/Src/stm32f4xx_hal_msp.c ****   {
 124:Core/Src/stm32f4xx_hal_msp.c ****   /* USER CODE BEGIN ADC1_MspDeInit 0 */
 125:Core/Src/stm32f4xx_hal_msp.c **** 
 126:Core/Src/stm32f4xx_hal_msp.c ****   /* USER CODE END ADC1_MspDeInit 0 */
 127:Core/Src/stm32f4xx_hal_msp.c ****     /* Peripheral clock disable */
 128:Core/Src/stm32f4xx_hal_msp.c ****     __HAL_RCC_ADC1_CLK_DISABLE();
 231              		.loc 1 128 5
 232 0012 084B     		ldr	r3, .L12+4
 233 0014 5B6C     		ldr	r3, [r3, #68]
 234 0016 074A     		ldr	r2, .L12+4
 235 0018 23F48073 		bic	r3, r3, #256
 236 001c 5364     		str	r3, [r2, #68]
 129:Core/Src/stm32f4xx_hal_msp.c **** 
 130:Core/Src/stm32f4xx_hal_msp.c ****     /**ADC1 GPIO Configuration
 131:Core/Src/stm32f4xx_hal_msp.c ****     PA0-WKUP     ------> ADC1_IN0
 132:Core/Src/stm32f4xx_hal_msp.c ****     */
 133:Core/Src/stm32f4xx_hal_msp.c ****     HAL_GPIO_DeInit(GPIOA, GPIO_PIN_0);
 237              		.loc 1 133 5
 238 001e 0121     		movs	r1, #1
 239 0020 0548     		ldr	r0, .L12+8
 240 0022 FFF7FEFF 		bl	HAL_GPIO_DeInit
 241              	.L11:
 134:Core/Src/stm32f4xx_hal_msp.c **** 
 135:Core/Src/stm32f4xx_hal_msp.c ****   /* USER CODE BEGIN ADC1_MspDeInit 1 */
 136:Core/Src/stm32f4xx_hal_msp.c **** 
 137:Core/Src/stm32f4xx_hal_msp.c ****   /* USER CODE END ADC1_MspDeInit 1 */
 138:Core/Src/stm32f4xx_hal_msp.c ****   }
 139:Core/Src/stm32f4xx_hal_msp.c **** 
 140:Core/Src/stm32f4xx_hal_msp.c **** }
 242              		.loc 1 140 1
 243 0026 00BF     		nop
 244 0028 0837     		adds	r7, r7, #8
 245              	.LCFI14:
 246              		.cfi_def_cfa_offset 8
 247 002a BD46     		mov	sp, r7
 248              	.LCFI15:
 249              		.cfi_def_cfa_register 13
 250              		@ sp needed
 251 002c 80BD     		pop	{r7, pc}
 252              	.L13:
 253 002e 00BF     		.align	2
 254              	.L12:
 255 0030 00200140 		.word	1073815552
 256 0034 00380240 		.word	1073887232
 257 0038 00000240 		.word	1073872896
 258              		.cfi_endproc
 259              	.LFE218:
 261              		.section	.text.HAL_TIM_Base_MspInit,"ax",%progbits
 262              		.align	1
 263              		.global	HAL_TIM_Base_MspInit
 264              		.syntax unified
 265              		.thumb
ARM GAS  C:\Users\edbis\AppData\Local\Temp\ccuD88lX.s 			page 8


 266              		.thumb_func
 268              	HAL_TIM_Base_MspInit:
 269              	.LFB219:
 141:Core/Src/stm32f4xx_hal_msp.c **** 
 142:Core/Src/stm32f4xx_hal_msp.c **** /**
 143:Core/Src/stm32f4xx_hal_msp.c **** * @brief TIM_Base MSP Initialization
 144:Core/Src/stm32f4xx_hal_msp.c **** * This function configures the hardware resources used in this example
 145:Core/Src/stm32f4xx_hal_msp.c **** * @param htim_base: TIM_Base handle pointer
 146:Core/Src/stm32f4xx_hal_msp.c **** * @retval None
 147:Core/Src/stm32f4xx_hal_msp.c **** */
 148:Core/Src/stm32f4xx_hal_msp.c **** void HAL_TIM_Base_MspInit(TIM_HandleTypeDef* htim_base)
 149:Core/Src/stm32f4xx_hal_msp.c **** {
 270              		.loc 1 149 1
 271              		.cfi_startproc
 272              		@ args = 0, pretend = 0, frame = 16
 273              		@ frame_needed = 1, uses_anonymous_args = 0
 274              		@ link register save eliminated.
 275 0000 80B4     		push	{r7}
 276              	.LCFI16:
 277              		.cfi_def_cfa_offset 4
 278              		.cfi_offset 7, -4
 279 0002 85B0     		sub	sp, sp, #20
 280              	.LCFI17:
 281              		.cfi_def_cfa_offset 24
 282 0004 00AF     		add	r7, sp, #0
 283              	.LCFI18:
 284              		.cfi_def_cfa_register 7
 285 0006 7860     		str	r0, [r7, #4]
 150:Core/Src/stm32f4xx_hal_msp.c ****   if(htim_base->Instance==TIM4)
 286              		.loc 1 150 15
 287 0008 7B68     		ldr	r3, [r7, #4]
 288 000a 1B68     		ldr	r3, [r3]
 289              		.loc 1 150 5
 290 000c 0B4A     		ldr	r2, .L17
 291 000e 9342     		cmp	r3, r2
 292 0010 0DD1     		bne	.L16
 293              	.LBB6:
 151:Core/Src/stm32f4xx_hal_msp.c ****   {
 152:Core/Src/stm32f4xx_hal_msp.c ****   /* USER CODE BEGIN TIM4_MspInit 0 */
 153:Core/Src/stm32f4xx_hal_msp.c **** 
 154:Core/Src/stm32f4xx_hal_msp.c ****   /* USER CODE END TIM4_MspInit 0 */
 155:Core/Src/stm32f4xx_hal_msp.c ****     /* Peripheral clock enable */
 156:Core/Src/stm32f4xx_hal_msp.c ****     __HAL_RCC_TIM4_CLK_ENABLE();
 294              		.loc 1 156 5
 295 0012 0023     		movs	r3, #0
 296 0014 FB60     		str	r3, [r7, #12]
 297 0016 0A4B     		ldr	r3, .L17+4
 298 0018 1B6C     		ldr	r3, [r3, #64]
 299 001a 094A     		ldr	r2, .L17+4
 300 001c 43F00403 		orr	r3, r3, #4
 301 0020 1364     		str	r3, [r2, #64]
 302 0022 074B     		ldr	r3, .L17+4
 303 0024 1B6C     		ldr	r3, [r3, #64]
 304 0026 03F00403 		and	r3, r3, #4
 305 002a FB60     		str	r3, [r7, #12]
 306 002c FB68     		ldr	r3, [r7, #12]
 307              	.L16:
ARM GAS  C:\Users\edbis\AppData\Local\Temp\ccuD88lX.s 			page 9


 308              	.LBE6:
 157:Core/Src/stm32f4xx_hal_msp.c ****   /* USER CODE BEGIN TIM4_MspInit 1 */
 158:Core/Src/stm32f4xx_hal_msp.c **** 
 159:Core/Src/stm32f4xx_hal_msp.c ****   /* USER CODE END TIM4_MspInit 1 */
 160:Core/Src/stm32f4xx_hal_msp.c ****   }
 161:Core/Src/stm32f4xx_hal_msp.c **** 
 162:Core/Src/stm32f4xx_hal_msp.c **** }
 309              		.loc 1 162 1
 310 002e 00BF     		nop
 311 0030 1437     		adds	r7, r7, #20
 312              	.LCFI19:
 313              		.cfi_def_cfa_offset 4
 314 0032 BD46     		mov	sp, r7
 315              	.LCFI20:
 316              		.cfi_def_cfa_register 13
 317              		@ sp needed
 318 0034 5DF8047B 		ldr	r7, [sp], #4
 319              	.LCFI21:
 320              		.cfi_restore 7
 321              		.cfi_def_cfa_offset 0
 322 0038 7047     		bx	lr
 323              	.L18:
 324 003a 00BF     		.align	2
 325              	.L17:
 326 003c 00080040 		.word	1073743872
 327 0040 00380240 		.word	1073887232
 328              		.cfi_endproc
 329              	.LFE219:
 331              		.section	.text.HAL_TIM_MspPostInit,"ax",%progbits
 332              		.align	1
 333              		.global	HAL_TIM_MspPostInit
 334              		.syntax unified
 335              		.thumb
 336              		.thumb_func
 338              	HAL_TIM_MspPostInit:
 339              	.LFB220:
 163:Core/Src/stm32f4xx_hal_msp.c **** 
 164:Core/Src/stm32f4xx_hal_msp.c **** void HAL_TIM_MspPostInit(TIM_HandleTypeDef* htim)
 165:Core/Src/stm32f4xx_hal_msp.c **** {
 340              		.loc 1 165 1
 341              		.cfi_startproc
 342              		@ args = 0, pretend = 0, frame = 32
 343              		@ frame_needed = 1, uses_anonymous_args = 0
 344 0000 80B5     		push	{r7, lr}
 345              	.LCFI22:
 346              		.cfi_def_cfa_offset 8
 347              		.cfi_offset 7, -8
 348              		.cfi_offset 14, -4
 349 0002 88B0     		sub	sp, sp, #32
 350              	.LCFI23:
 351              		.cfi_def_cfa_offset 40
 352 0004 00AF     		add	r7, sp, #0
 353              	.LCFI24:
 354              		.cfi_def_cfa_register 7
 355 0006 7860     		str	r0, [r7, #4]
 166:Core/Src/stm32f4xx_hal_msp.c ****   GPIO_InitTypeDef GPIO_InitStruct = {0};
 356              		.loc 1 166 20
ARM GAS  C:\Users\edbis\AppData\Local\Temp\ccuD88lX.s 			page 10


 357 0008 07F10C03 		add	r3, r7, #12
 358 000c 0022     		movs	r2, #0
 359 000e 1A60     		str	r2, [r3]
 360 0010 5A60     		str	r2, [r3, #4]
 361 0012 9A60     		str	r2, [r3, #8]
 362 0014 DA60     		str	r2, [r3, #12]
 363 0016 1A61     		str	r2, [r3, #16]
 167:Core/Src/stm32f4xx_hal_msp.c ****   if(htim->Instance==TIM4)
 364              		.loc 1 167 10
 365 0018 7B68     		ldr	r3, [r7, #4]
 366 001a 1B68     		ldr	r3, [r3]
 367              		.loc 1 167 5
 368 001c 124A     		ldr	r2, .L22
 369 001e 9342     		cmp	r3, r2
 370 0020 1DD1     		bne	.L21
 371              	.LBB7:
 168:Core/Src/stm32f4xx_hal_msp.c ****   {
 169:Core/Src/stm32f4xx_hal_msp.c ****   /* USER CODE BEGIN TIM4_MspPostInit 0 */
 170:Core/Src/stm32f4xx_hal_msp.c **** 
 171:Core/Src/stm32f4xx_hal_msp.c ****   /* USER CODE END TIM4_MspPostInit 0 */
 172:Core/Src/stm32f4xx_hal_msp.c **** 
 173:Core/Src/stm32f4xx_hal_msp.c ****     __HAL_RCC_GPIOB_CLK_ENABLE();
 372              		.loc 1 173 5
 373 0022 0023     		movs	r3, #0
 374 0024 BB60     		str	r3, [r7, #8]
 375 0026 114B     		ldr	r3, .L22+4
 376 0028 1B6B     		ldr	r3, [r3, #48]
 377 002a 104A     		ldr	r2, .L22+4
 378 002c 43F00203 		orr	r3, r3, #2
 379 0030 1363     		str	r3, [r2, #48]
 380 0032 0E4B     		ldr	r3, .L22+4
 381 0034 1B6B     		ldr	r3, [r3, #48]
 382 0036 03F00203 		and	r3, r3, #2
 383 003a BB60     		str	r3, [r7, #8]
 384 003c BB68     		ldr	r3, [r7, #8]
 385              	.LBE7:
 174:Core/Src/stm32f4xx_hal_msp.c ****     /**TIM4 GPIO Configuration
 175:Core/Src/stm32f4xx_hal_msp.c ****     PB6     ------> TIM4_CH1
 176:Core/Src/stm32f4xx_hal_msp.c ****     */
 177:Core/Src/stm32f4xx_hal_msp.c ****     GPIO_InitStruct.Pin = GPIO_PIN_6;
 386              		.loc 1 177 25
 387 003e 4023     		movs	r3, #64
 388 0040 FB60     		str	r3, [r7, #12]
 178:Core/Src/stm32f4xx_hal_msp.c ****     GPIO_InitStruct.Mode = GPIO_MODE_AF_PP;
 389              		.loc 1 178 26
 390 0042 0223     		movs	r3, #2
 391 0044 3B61     		str	r3, [r7, #16]
 179:Core/Src/stm32f4xx_hal_msp.c ****     GPIO_InitStruct.Pull = GPIO_NOPULL;
 392              		.loc 1 179 26
 393 0046 0023     		movs	r3, #0
 394 0048 7B61     		str	r3, [r7, #20]
 180:Core/Src/stm32f4xx_hal_msp.c ****     GPIO_InitStruct.Speed = GPIO_SPEED_FREQ_LOW;
 395              		.loc 1 180 27
 396 004a 0023     		movs	r3, #0
 397 004c BB61     		str	r3, [r7, #24]
 181:Core/Src/stm32f4xx_hal_msp.c ****     GPIO_InitStruct.Alternate = GPIO_AF2_TIM4;
 398              		.loc 1 181 31
ARM GAS  C:\Users\edbis\AppData\Local\Temp\ccuD88lX.s 			page 11


 399 004e 0223     		movs	r3, #2
 400 0050 FB61     		str	r3, [r7, #28]
 182:Core/Src/stm32f4xx_hal_msp.c ****     HAL_GPIO_Init(GPIOB, &GPIO_InitStruct);
 401              		.loc 1 182 5
 402 0052 07F10C03 		add	r3, r7, #12
 403 0056 1946     		mov	r1, r3
 404 0058 0548     		ldr	r0, .L22+8
 405 005a FFF7FEFF 		bl	HAL_GPIO_Init
 406              	.L21:
 183:Core/Src/stm32f4xx_hal_msp.c **** 
 184:Core/Src/stm32f4xx_hal_msp.c ****   /* USER CODE BEGIN TIM4_MspPostInit 1 */
 185:Core/Src/stm32f4xx_hal_msp.c **** 
 186:Core/Src/stm32f4xx_hal_msp.c ****   /* USER CODE END TIM4_MspPostInit 1 */
 187:Core/Src/stm32f4xx_hal_msp.c ****   }
 188:Core/Src/stm32f4xx_hal_msp.c **** 
 189:Core/Src/stm32f4xx_hal_msp.c **** }
 407              		.loc 1 189 1
 408 005e 00BF     		nop
 409 0060 2037     		adds	r7, r7, #32
 410              	.LCFI25:
 411              		.cfi_def_cfa_offset 8
 412 0062 BD46     		mov	sp, r7
 413              	.LCFI26:
 414              		.cfi_def_cfa_register 13
 415              		@ sp needed
 416 0064 80BD     		pop	{r7, pc}
 417              	.L23:
 418 0066 00BF     		.align	2
 419              	.L22:
 420 0068 00080040 		.word	1073743872
 421 006c 00380240 		.word	1073887232
 422 0070 00040240 		.word	1073873920
 423              		.cfi_endproc
 424              	.LFE220:
 426              		.section	.text.HAL_TIM_Base_MspDeInit,"ax",%progbits
 427              		.align	1
 428              		.global	HAL_TIM_Base_MspDeInit
 429              		.syntax unified
 430              		.thumb
 431              		.thumb_func
 433              	HAL_TIM_Base_MspDeInit:
 434              	.LFB221:
 190:Core/Src/stm32f4xx_hal_msp.c **** /**
 191:Core/Src/stm32f4xx_hal_msp.c **** * @brief TIM_Base MSP De-Initialization
 192:Core/Src/stm32f4xx_hal_msp.c **** * This function freeze the hardware resources used in this example
 193:Core/Src/stm32f4xx_hal_msp.c **** * @param htim_base: TIM_Base handle pointer
 194:Core/Src/stm32f4xx_hal_msp.c **** * @retval None
 195:Core/Src/stm32f4xx_hal_msp.c **** */
 196:Core/Src/stm32f4xx_hal_msp.c **** void HAL_TIM_Base_MspDeInit(TIM_HandleTypeDef* htim_base)
 197:Core/Src/stm32f4xx_hal_msp.c **** {
 435              		.loc 1 197 1
 436              		.cfi_startproc
 437              		@ args = 0, pretend = 0, frame = 8
 438              		@ frame_needed = 1, uses_anonymous_args = 0
 439              		@ link register save eliminated.
 440 0000 80B4     		push	{r7}
 441              	.LCFI27:
ARM GAS  C:\Users\edbis\AppData\Local\Temp\ccuD88lX.s 			page 12


 442              		.cfi_def_cfa_offset 4
 443              		.cfi_offset 7, -4
 444 0002 83B0     		sub	sp, sp, #12
 445              	.LCFI28:
 446              		.cfi_def_cfa_offset 16
 447 0004 00AF     		add	r7, sp, #0
 448              	.LCFI29:
 449              		.cfi_def_cfa_register 7
 450 0006 7860     		str	r0, [r7, #4]
 198:Core/Src/stm32f4xx_hal_msp.c ****   if(htim_base->Instance==TIM4)
 451              		.loc 1 198 15
 452 0008 7B68     		ldr	r3, [r7, #4]
 453 000a 1B68     		ldr	r3, [r3]
 454              		.loc 1 198 5
 455 000c 074A     		ldr	r2, .L27
 456 000e 9342     		cmp	r3, r2
 457 0010 05D1     		bne	.L26
 199:Core/Src/stm32f4xx_hal_msp.c ****   {
 200:Core/Src/stm32f4xx_hal_msp.c ****   /* USER CODE BEGIN TIM4_MspDeInit 0 */
 201:Core/Src/stm32f4xx_hal_msp.c **** 
 202:Core/Src/stm32f4xx_hal_msp.c ****   /* USER CODE END TIM4_MspDeInit 0 */
 203:Core/Src/stm32f4xx_hal_msp.c ****     /* Peripheral clock disable */
 204:Core/Src/stm32f4xx_hal_msp.c ****     __HAL_RCC_TIM4_CLK_DISABLE();
 458              		.loc 1 204 5
 459 0012 074B     		ldr	r3, .L27+4
 460 0014 1B6C     		ldr	r3, [r3, #64]
 461 0016 064A     		ldr	r2, .L27+4
 462 0018 23F00403 		bic	r3, r3, #4
 463 001c 1364     		str	r3, [r2, #64]
 464              	.L26:
 205:Core/Src/stm32f4xx_hal_msp.c ****   /* USER CODE BEGIN TIM4_MspDeInit 1 */
 206:Core/Src/stm32f4xx_hal_msp.c **** 
 207:Core/Src/stm32f4xx_hal_msp.c ****   /* USER CODE END TIM4_MspDeInit 1 */
 208:Core/Src/stm32f4xx_hal_msp.c ****   }
 209:Core/Src/stm32f4xx_hal_msp.c **** 
 210:Core/Src/stm32f4xx_hal_msp.c **** }
 465              		.loc 1 210 1
 466 001e 00BF     		nop
 467 0020 0C37     		adds	r7, r7, #12
 468              	.LCFI30:
 469              		.cfi_def_cfa_offset 4
 470 0022 BD46     		mov	sp, r7
 471              	.LCFI31:
 472              		.cfi_def_cfa_register 13
 473              		@ sp needed
 474 0024 5DF8047B 		ldr	r7, [sp], #4
 475              	.LCFI32:
 476              		.cfi_restore 7
 477              		.cfi_def_cfa_offset 0
 478 0028 7047     		bx	lr
 479              	.L28:
 480 002a 00BF     		.align	2
 481              	.L27:
 482 002c 00080040 		.word	1073743872
 483 0030 00380240 		.word	1073887232
 484              		.cfi_endproc
 485              	.LFE221:
ARM GAS  C:\Users\edbis\AppData\Local\Temp\ccuD88lX.s 			page 13


 487              		.text
 488              	.Letext0:
 489              		.file 2 "c:\\arm-gcc\\tools\\tools\\arm-gnu-toolchain-11.3.rel1-mingw-w64-i686-arm-none-eabi\\arm-
 490              		.file 3 "c:\\arm-gcc\\tools\\tools\\arm-gnu-toolchain-11.3.rel1-mingw-w64-i686-arm-none-eabi\\arm-
 491              		.file 4 "Drivers/CMSIS/Device/ST/STM32F4xx/Include/stm32f411xe.h"
 492              		.file 5 "Drivers/CMSIS/Device/ST/STM32F4xx/Include/stm32f4xx.h"
 493              		.file 6 "Drivers/STM32F4xx_HAL_Driver/Inc/stm32f4xx_hal_def.h"
 494              		.file 7 "Drivers/STM32F4xx_HAL_Driver/Inc/stm32f4xx_hal_gpio.h"
 495              		.file 8 "Drivers/STM32F4xx_HAL_Driver/Inc/stm32f4xx_hal_dma.h"
 496              		.file 9 "Drivers/STM32F4xx_HAL_Driver/Inc/stm32f4xx_hal_adc.h"
 497              		.file 10 "Drivers/STM32F4xx_HAL_Driver/Inc/stm32f4xx_hal_tim.h"
ARM GAS  C:\Users\edbis\AppData\Local\Temp\ccuD88lX.s 			page 14


DEFINED SYMBOLS
                            *ABS*:00000000 stm32f4xx_hal_msp.c
C:\Users\edbis\AppData\Local\Temp\ccuD88lX.s:20     .text.HAL_MspInit:00000000 $t
C:\Users\edbis\AppData\Local\Temp\ccuD88lX.s:26     .text.HAL_MspInit:00000000 HAL_MspInit
C:\Users\edbis\AppData\Local\Temp\ccuD88lX.s:91     .text.HAL_MspInit:0000004c $d
C:\Users\edbis\AppData\Local\Temp\ccuD88lX.s:96     .text.HAL_ADC_MspInit:00000000 $t
C:\Users\edbis\AppData\Local\Temp\ccuD88lX.s:102    .text.HAL_ADC_MspInit:00000000 HAL_ADC_MspInit
C:\Users\edbis\AppData\Local\Temp\ccuD88lX.s:193    .text.HAL_ADC_MspInit:0000007c $d
C:\Users\edbis\AppData\Local\Temp\ccuD88lX.s:200    .text.HAL_ADC_MspDeInit:00000000 $t
C:\Users\edbis\AppData\Local\Temp\ccuD88lX.s:206    .text.HAL_ADC_MspDeInit:00000000 HAL_ADC_MspDeInit
C:\Users\edbis\AppData\Local\Temp\ccuD88lX.s:255    .text.HAL_ADC_MspDeInit:00000030 $d
C:\Users\edbis\AppData\Local\Temp\ccuD88lX.s:262    .text.HAL_TIM_Base_MspInit:00000000 $t
C:\Users\edbis\AppData\Local\Temp\ccuD88lX.s:268    .text.HAL_TIM_Base_MspInit:00000000 HAL_TIM_Base_MspInit
C:\Users\edbis\AppData\Local\Temp\ccuD88lX.s:326    .text.HAL_TIM_Base_MspInit:0000003c $d
C:\Users\edbis\AppData\Local\Temp\ccuD88lX.s:332    .text.HAL_TIM_MspPostInit:00000000 $t
C:\Users\edbis\AppData\Local\Temp\ccuD88lX.s:338    .text.HAL_TIM_MspPostInit:00000000 HAL_TIM_MspPostInit
C:\Users\edbis\AppData\Local\Temp\ccuD88lX.s:420    .text.HAL_TIM_MspPostInit:00000068 $d
C:\Users\edbis\AppData\Local\Temp\ccuD88lX.s:427    .text.HAL_TIM_Base_MspDeInit:00000000 $t
C:\Users\edbis\AppData\Local\Temp\ccuD88lX.s:433    .text.HAL_TIM_Base_MspDeInit:00000000 HAL_TIM_Base_MspDeInit
C:\Users\edbis\AppData\Local\Temp\ccuD88lX.s:482    .text.HAL_TIM_Base_MspDeInit:0000002c $d

UNDEFINED SYMBOLS
HAL_GPIO_Init
HAL_GPIO_DeInit
