ARM GAS  C:\Users\DAELT-~1\AppData\Local\Temp\ccroZjT2.s 			page 1


   1              		.cpu cortex-m4
   2              		.arch armv7e-m
   3              		.fpu fpv4-sp-d16
   4              		.eabi_attribute 27, 1
   5              		.eabi_attribute 28, 1
   6              		.eabi_attribute 20, 1
   7              		.eabi_attribute 21, 1
   8              		.eabi_attribute 23, 3
   9              		.eabi_attribute 24, 1
  10              		.eabi_attribute 25, 1
  11              		.eabi_attribute 26, 1
  12              		.eabi_attribute 30, 6
  13              		.eabi_attribute 34, 1
  14              		.eabi_attribute 18, 4
  15              		.file	"stm32f4xx_hal_msp.c"
  16              		.text
  17              	.Ltext0:
  18              		.cfi_sections	.debug_frame
  19              		.file 1 "Core/Src/stm32f4xx_hal_msp.c"
  20              		.section	.text.HAL_MspInit,"ax",%progbits
  21              		.align	1
  22              		.global	HAL_MspInit
  23              		.syntax unified
  24              		.thumb
  25              		.thumb_func
  27              	HAL_MspInit:
  28              	.LFB130:
   1:Core/Src/stm32f4xx_hal_msp.c **** 
   2:Core/Src/stm32f4xx_hal_msp.c **** /* USER CODE BEGIN Header */
   3:Core/Src/stm32f4xx_hal_msp.c **** /**
   4:Core/Src/stm32f4xx_hal_msp.c ****   ******************************************************************************
   5:Core/Src/stm32f4xx_hal_msp.c ****   * @file         stm32f4xx_hal_msp.c
   6:Core/Src/stm32f4xx_hal_msp.c ****   * @brief        This file provides code for the MSP Initialization
   7:Core/Src/stm32f4xx_hal_msp.c ****   *               and de-Initialization codes.
   8:Core/Src/stm32f4xx_hal_msp.c ****   ******************************************************************************
   9:Core/Src/stm32f4xx_hal_msp.c ****   * @attention
  10:Core/Src/stm32f4xx_hal_msp.c ****   *
  11:Core/Src/stm32f4xx_hal_msp.c ****   * Copyright (c) 2022 STMicroelectronics.
  12:Core/Src/stm32f4xx_hal_msp.c ****   * All rights reserved.
  13:Core/Src/stm32f4xx_hal_msp.c ****   *
  14:Core/Src/stm32f4xx_hal_msp.c ****   * This software is licensed under terms that can be found in the LICENSE file
  15:Core/Src/stm32f4xx_hal_msp.c ****   * in the root directory of this software component.
  16:Core/Src/stm32f4xx_hal_msp.c ****   * If no LICENSE file comes with this software, it is provided AS-IS.
  17:Core/Src/stm32f4xx_hal_msp.c ****   *
  18:Core/Src/stm32f4xx_hal_msp.c ****   ******************************************************************************
  19:Core/Src/stm32f4xx_hal_msp.c ****   */
  20:Core/Src/stm32f4xx_hal_msp.c **** /* USER CODE END Header */
  21:Core/Src/stm32f4xx_hal_msp.c **** 
  22:Core/Src/stm32f4xx_hal_msp.c **** /* Includes ------------------------------------------------------------------*/
  23:Core/Src/stm32f4xx_hal_msp.c **** #include "main.h"
  24:Core/Src/stm32f4xx_hal_msp.c **** /* USER CODE BEGIN Includes */
  25:Core/Src/stm32f4xx_hal_msp.c **** 
  26:Core/Src/stm32f4xx_hal_msp.c **** /* USER CODE END Includes */
  27:Core/Src/stm32f4xx_hal_msp.c **** 
  28:Core/Src/stm32f4xx_hal_msp.c **** /* Private typedef -----------------------------------------------------------*/
  29:Core/Src/stm32f4xx_hal_msp.c **** /* USER CODE BEGIN TD */
  30:Core/Src/stm32f4xx_hal_msp.c **** 
ARM GAS  C:\Users\DAELT-~1\AppData\Local\Temp\ccroZjT2.s 			page 2


  31:Core/Src/stm32f4xx_hal_msp.c **** /* USER CODE END TD */
  32:Core/Src/stm32f4xx_hal_msp.c **** 
  33:Core/Src/stm32f4xx_hal_msp.c **** /* Private define ------------------------------------------------------------*/
  34:Core/Src/stm32f4xx_hal_msp.c **** /* USER CODE BEGIN Define */
  35:Core/Src/stm32f4xx_hal_msp.c **** 
  36:Core/Src/stm32f4xx_hal_msp.c **** /* USER CODE END Define */
  37:Core/Src/stm32f4xx_hal_msp.c **** 
  38:Core/Src/stm32f4xx_hal_msp.c **** /* Private macro -------------------------------------------------------------*/
  39:Core/Src/stm32f4xx_hal_msp.c **** /* USER CODE BEGIN Macro */
  40:Core/Src/stm32f4xx_hal_msp.c **** 
  41:Core/Src/stm32f4xx_hal_msp.c **** /* USER CODE END Macro */
  42:Core/Src/stm32f4xx_hal_msp.c **** 
  43:Core/Src/stm32f4xx_hal_msp.c **** /* Private variables ---------------------------------------------------------*/
  44:Core/Src/stm32f4xx_hal_msp.c **** /* USER CODE BEGIN PV */
  45:Core/Src/stm32f4xx_hal_msp.c **** 
  46:Core/Src/stm32f4xx_hal_msp.c **** /* USER CODE END PV */
  47:Core/Src/stm32f4xx_hal_msp.c **** 
  48:Core/Src/stm32f4xx_hal_msp.c **** /* Private function prototypes -----------------------------------------------*/
  49:Core/Src/stm32f4xx_hal_msp.c **** /* USER CODE BEGIN PFP */
  50:Core/Src/stm32f4xx_hal_msp.c **** 
  51:Core/Src/stm32f4xx_hal_msp.c **** /* USER CODE END PFP */
  52:Core/Src/stm32f4xx_hal_msp.c **** 
  53:Core/Src/stm32f4xx_hal_msp.c **** /* External functions --------------------------------------------------------*/
  54:Core/Src/stm32f4xx_hal_msp.c **** /* USER CODE BEGIN ExternalFunctions */
  55:Core/Src/stm32f4xx_hal_msp.c **** 
  56:Core/Src/stm32f4xx_hal_msp.c **** /* USER CODE END ExternalFunctions */
  57:Core/Src/stm32f4xx_hal_msp.c **** 
  58:Core/Src/stm32f4xx_hal_msp.c **** /* USER CODE BEGIN 0 */
  59:Core/Src/stm32f4xx_hal_msp.c **** 
  60:Core/Src/stm32f4xx_hal_msp.c **** /* USER CODE END 0 */
  61:Core/Src/stm32f4xx_hal_msp.c **** 
  62:Core/Src/stm32f4xx_hal_msp.c **** void HAL_TIM_MspPostInit(TIM_HandleTypeDef *htim);
  63:Core/Src/stm32f4xx_hal_msp.c ****                     /**
  64:Core/Src/stm32f4xx_hal_msp.c ****   * Initializes the Global MSP.
  65:Core/Src/stm32f4xx_hal_msp.c ****   */
  66:Core/Src/stm32f4xx_hal_msp.c **** void HAL_MspInit(void)
  67:Core/Src/stm32f4xx_hal_msp.c **** {
  29              		.loc 1 67 1
  30              		.cfi_startproc
  31              		@ args = 0, pretend = 0, frame = 8
  32              		@ frame_needed = 1, uses_anonymous_args = 0
  33              		@ link register save eliminated.
  34 0000 80B4     		push	{r7}
  35              	.LCFI0:
  36              		.cfi_def_cfa_offset 4
  37              		.cfi_offset 7, -4
  38 0002 83B0     		sub	sp, sp, #12
  39              	.LCFI1:
  40              		.cfi_def_cfa_offset 16
  41 0004 00AF     		add	r7, sp, #0
  42              	.LCFI2:
  43              		.cfi_def_cfa_register 7
  44              	.LBB2:
  68:Core/Src/stm32f4xx_hal_msp.c **** 
  69:Core/Src/stm32f4xx_hal_msp.c ****   /* USER CODE BEGIN MspInit 0 */
  70:Core/Src/stm32f4xx_hal_msp.c **** 
  71:Core/Src/stm32f4xx_hal_msp.c ****   /* USER CODE END MspInit 0 */
ARM GAS  C:\Users\DAELT-~1\AppData\Local\Temp\ccroZjT2.s 			page 3


  72:Core/Src/stm32f4xx_hal_msp.c **** 
  73:Core/Src/stm32f4xx_hal_msp.c ****   __HAL_RCC_SYSCFG_CLK_ENABLE();
  45              		.loc 1 73 3
  46 0006 0023     		movs	r3, #0
  47 0008 7B60     		str	r3, [r7, #4]
  48 000a 104B     		ldr	r3, .L2
  49 000c 5B6C     		ldr	r3, [r3, #68]
  50 000e 0F4A     		ldr	r2, .L2
  51 0010 43F48043 		orr	r3, r3, #16384
  52 0014 5364     		str	r3, [r2, #68]
  53 0016 0D4B     		ldr	r3, .L2
  54 0018 5B6C     		ldr	r3, [r3, #68]
  55 001a 03F48043 		and	r3, r3, #16384
  56 001e 7B60     		str	r3, [r7, #4]
  57 0020 7B68     		ldr	r3, [r7, #4]
  58              	.LBE2:
  59              	.LBB3:
  74:Core/Src/stm32f4xx_hal_msp.c ****   __HAL_RCC_PWR_CLK_ENABLE();
  60              		.loc 1 74 3
  61 0022 0023     		movs	r3, #0
  62 0024 3B60     		str	r3, [r7]
  63 0026 094B     		ldr	r3, .L2
  64 0028 1B6C     		ldr	r3, [r3, #64]
  65 002a 084A     		ldr	r2, .L2
  66 002c 43F08053 		orr	r3, r3, #268435456
  67 0030 1364     		str	r3, [r2, #64]
  68 0032 064B     		ldr	r3, .L2
  69 0034 1B6C     		ldr	r3, [r3, #64]
  70 0036 03F08053 		and	r3, r3, #268435456
  71 003a 3B60     		str	r3, [r7]
  72 003c 3B68     		ldr	r3, [r7]
  73              	.LBE3:
  75:Core/Src/stm32f4xx_hal_msp.c **** 
  76:Core/Src/stm32f4xx_hal_msp.c ****   /* System interrupt init*/
  77:Core/Src/stm32f4xx_hal_msp.c **** 
  78:Core/Src/stm32f4xx_hal_msp.c ****   /* USER CODE BEGIN MspInit 1 */
  79:Core/Src/stm32f4xx_hal_msp.c **** 
  80:Core/Src/stm32f4xx_hal_msp.c ****   /* USER CODE END MspInit 1 */
  81:Core/Src/stm32f4xx_hal_msp.c **** }
  74              		.loc 1 81 1
  75 003e 00BF     		nop
  76 0040 0C37     		adds	r7, r7, #12
  77              	.LCFI3:
  78              		.cfi_def_cfa_offset 4
  79 0042 BD46     		mov	sp, r7
  80              	.LCFI4:
  81              		.cfi_def_cfa_register 13
  82              		@ sp needed
  83 0044 5DF8047B 		ldr	r7, [sp], #4
  84              	.LCFI5:
  85              		.cfi_restore 7
  86              		.cfi_def_cfa_offset 0
  87 0048 7047     		bx	lr
  88              	.L3:
  89 004a 00BF     		.align	2
  90              	.L2:
  91 004c 00380240 		.word	1073887232
ARM GAS  C:\Users\DAELT-~1\AppData\Local\Temp\ccroZjT2.s 			page 4


  92              		.cfi_endproc
  93              	.LFE130:
  95              		.section	.text.HAL_TIM_Base_MspInit,"ax",%progbits
  96              		.align	1
  97              		.global	HAL_TIM_Base_MspInit
  98              		.syntax unified
  99              		.thumb
 100              		.thumb_func
 102              	HAL_TIM_Base_MspInit:
 103              	.LFB131:
  82:Core/Src/stm32f4xx_hal_msp.c **** 
  83:Core/Src/stm32f4xx_hal_msp.c **** /**
  84:Core/Src/stm32f4xx_hal_msp.c **** * @brief TIM_Base MSP Initialization
  85:Core/Src/stm32f4xx_hal_msp.c **** * This function configures the hardware resources used in this example
  86:Core/Src/stm32f4xx_hal_msp.c **** * @param htim_base: TIM_Base handle pointer
  87:Core/Src/stm32f4xx_hal_msp.c **** * @retval None
  88:Core/Src/stm32f4xx_hal_msp.c **** */
  89:Core/Src/stm32f4xx_hal_msp.c **** void HAL_TIM_Base_MspInit(TIM_HandleTypeDef* htim_base)
  90:Core/Src/stm32f4xx_hal_msp.c **** {
 104              		.loc 1 90 1
 105              		.cfi_startproc
 106              		@ args = 0, pretend = 0, frame = 16
 107              		@ frame_needed = 1, uses_anonymous_args = 0
 108 0000 80B5     		push	{r7, lr}
 109              	.LCFI6:
 110              		.cfi_def_cfa_offset 8
 111              		.cfi_offset 7, -8
 112              		.cfi_offset 14, -4
 113 0002 84B0     		sub	sp, sp, #16
 114              	.LCFI7:
 115              		.cfi_def_cfa_offset 24
 116 0004 00AF     		add	r7, sp, #0
 117              	.LCFI8:
 118              		.cfi_def_cfa_register 7
 119 0006 7860     		str	r0, [r7, #4]
  91:Core/Src/stm32f4xx_hal_msp.c ****   if(htim_base->Instance==TIM3)
 120              		.loc 1 91 15
 121 0008 7B68     		ldr	r3, [r7, #4]
 122 000a 1B68     		ldr	r3, [r3]
 123              		.loc 1 91 5
 124 000c 0E4A     		ldr	r2, .L7
 125 000e 9342     		cmp	r3, r2
 126 0010 15D1     		bne	.L6
 127              	.LBB4:
  92:Core/Src/stm32f4xx_hal_msp.c ****   {
  93:Core/Src/stm32f4xx_hal_msp.c ****   /* USER CODE BEGIN TIM3_MspInit 0 */
  94:Core/Src/stm32f4xx_hal_msp.c **** 
  95:Core/Src/stm32f4xx_hal_msp.c ****   /* USER CODE END TIM3_MspInit 0 */
  96:Core/Src/stm32f4xx_hal_msp.c ****     /* Peripheral clock enable */
  97:Core/Src/stm32f4xx_hal_msp.c ****     __HAL_RCC_TIM3_CLK_ENABLE();
 128              		.loc 1 97 5
 129 0012 0023     		movs	r3, #0
 130 0014 FB60     		str	r3, [r7, #12]
 131 0016 0D4B     		ldr	r3, .L7+4
 132 0018 1B6C     		ldr	r3, [r3, #64]
 133 001a 0C4A     		ldr	r2, .L7+4
 134 001c 43F00203 		orr	r3, r3, #2
ARM GAS  C:\Users\DAELT-~1\AppData\Local\Temp\ccroZjT2.s 			page 5


 135 0020 1364     		str	r3, [r2, #64]
 136 0022 0A4B     		ldr	r3, .L7+4
 137 0024 1B6C     		ldr	r3, [r3, #64]
 138 0026 03F00203 		and	r3, r3, #2
 139 002a FB60     		str	r3, [r7, #12]
 140 002c FB68     		ldr	r3, [r7, #12]
 141              	.LBE4:
  98:Core/Src/stm32f4xx_hal_msp.c ****     /* TIM3 interrupt Init */
  99:Core/Src/stm32f4xx_hal_msp.c ****     HAL_NVIC_SetPriority(TIM3_IRQn, 0, 0);
 142              		.loc 1 99 5
 143 002e 0022     		movs	r2, #0
 144 0030 0021     		movs	r1, #0
 145 0032 1D20     		movs	r0, #29
 146 0034 FFF7FEFF 		bl	HAL_NVIC_SetPriority
 100:Core/Src/stm32f4xx_hal_msp.c ****     HAL_NVIC_EnableIRQ(TIM3_IRQn);
 147              		.loc 1 100 5
 148 0038 1D20     		movs	r0, #29
 149 003a FFF7FEFF 		bl	HAL_NVIC_EnableIRQ
 150              	.L6:
 101:Core/Src/stm32f4xx_hal_msp.c ****   /* USER CODE BEGIN TIM3_MspInit 1 */
 102:Core/Src/stm32f4xx_hal_msp.c **** 
 103:Core/Src/stm32f4xx_hal_msp.c ****   /* USER CODE END TIM3_MspInit 1 */
 104:Core/Src/stm32f4xx_hal_msp.c **** 
 105:Core/Src/stm32f4xx_hal_msp.c ****   }
 106:Core/Src/stm32f4xx_hal_msp.c **** 
 107:Core/Src/stm32f4xx_hal_msp.c **** }
 151              		.loc 1 107 1
 152 003e 00BF     		nop
 153 0040 1037     		adds	r7, r7, #16
 154              	.LCFI9:
 155              		.cfi_def_cfa_offset 8
 156 0042 BD46     		mov	sp, r7
 157              	.LCFI10:
 158              		.cfi_def_cfa_register 13
 159              		@ sp needed
 160 0044 80BD     		pop	{r7, pc}
 161              	.L8:
 162 0046 00BF     		.align	2
 163              	.L7:
 164 0048 00040040 		.word	1073742848
 165 004c 00380240 		.word	1073887232
 166              		.cfi_endproc
 167              	.LFE131:
 169              		.section	.text.HAL_TIM_MspPostInit,"ax",%progbits
 170              		.align	1
 171              		.global	HAL_TIM_MspPostInit
 172              		.syntax unified
 173              		.thumb
 174              		.thumb_func
 176              	HAL_TIM_MspPostInit:
 177              	.LFB132:
 108:Core/Src/stm32f4xx_hal_msp.c **** 
 109:Core/Src/stm32f4xx_hal_msp.c **** void HAL_TIM_MspPostInit(TIM_HandleTypeDef* htim)
 110:Core/Src/stm32f4xx_hal_msp.c **** {
 178              		.loc 1 110 1
 179              		.cfi_startproc
 180              		@ args = 0, pretend = 0, frame = 32
ARM GAS  C:\Users\DAELT-~1\AppData\Local\Temp\ccroZjT2.s 			page 6


 181              		@ frame_needed = 1, uses_anonymous_args = 0
 182 0000 80B5     		push	{r7, lr}
 183              	.LCFI11:
 184              		.cfi_def_cfa_offset 8
 185              		.cfi_offset 7, -8
 186              		.cfi_offset 14, -4
 187 0002 88B0     		sub	sp, sp, #32
 188              	.LCFI12:
 189              		.cfi_def_cfa_offset 40
 190 0004 00AF     		add	r7, sp, #0
 191              	.LCFI13:
 192              		.cfi_def_cfa_register 7
 193 0006 7860     		str	r0, [r7, #4]
 111:Core/Src/stm32f4xx_hal_msp.c ****   GPIO_InitTypeDef GPIO_InitStruct = {0};
 194              		.loc 1 111 20
 195 0008 07F10C03 		add	r3, r7, #12
 196 000c 0022     		movs	r2, #0
 197 000e 1A60     		str	r2, [r3]
 198 0010 5A60     		str	r2, [r3, #4]
 199 0012 9A60     		str	r2, [r3, #8]
 200 0014 DA60     		str	r2, [r3, #12]
 201 0016 1A61     		str	r2, [r3, #16]
 112:Core/Src/stm32f4xx_hal_msp.c ****   if(htim->Instance==TIM3)
 202              		.loc 1 112 10
 203 0018 7B68     		ldr	r3, [r7, #4]
 204 001a 1B68     		ldr	r3, [r3]
 205              		.loc 1 112 5
 206 001c 124A     		ldr	r2, .L12
 207 001e 9342     		cmp	r3, r2
 208 0020 1DD1     		bne	.L11
 209              	.LBB5:
 113:Core/Src/stm32f4xx_hal_msp.c ****   {
 114:Core/Src/stm32f4xx_hal_msp.c ****   /* USER CODE BEGIN TIM3_MspPostInit 0 */
 115:Core/Src/stm32f4xx_hal_msp.c **** 
 116:Core/Src/stm32f4xx_hal_msp.c ****   /* USER CODE END TIM3_MspPostInit 0 */
 117:Core/Src/stm32f4xx_hal_msp.c **** 
 118:Core/Src/stm32f4xx_hal_msp.c ****     __HAL_RCC_GPIOA_CLK_ENABLE();
 210              		.loc 1 118 5
 211 0022 0023     		movs	r3, #0
 212 0024 BB60     		str	r3, [r7, #8]
 213 0026 114B     		ldr	r3, .L12+4
 214 0028 1B6B     		ldr	r3, [r3, #48]
 215 002a 104A     		ldr	r2, .L12+4
 216 002c 43F00103 		orr	r3, r3, #1
 217 0030 1363     		str	r3, [r2, #48]
 218 0032 0E4B     		ldr	r3, .L12+4
 219 0034 1B6B     		ldr	r3, [r3, #48]
 220 0036 03F00103 		and	r3, r3, #1
 221 003a BB60     		str	r3, [r7, #8]
 222 003c BB68     		ldr	r3, [r7, #8]
 223              	.LBE5:
 119:Core/Src/stm32f4xx_hal_msp.c ****     /**TIM3 GPIO Configuration
 120:Core/Src/stm32f4xx_hal_msp.c ****     PA6     ------> TIM3_CH1
 121:Core/Src/stm32f4xx_hal_msp.c ****     PA7     ------> TIM3_CH2
 122:Core/Src/stm32f4xx_hal_msp.c ****     */
 123:Core/Src/stm32f4xx_hal_msp.c ****     GPIO_InitStruct.Pin = GPIO_PIN_6|GPIO_PIN_7;
 224              		.loc 1 123 25
ARM GAS  C:\Users\DAELT-~1\AppData\Local\Temp\ccroZjT2.s 			page 7


 225 003e C023     		movs	r3, #192
 226 0040 FB60     		str	r3, [r7, #12]
 124:Core/Src/stm32f4xx_hal_msp.c ****     GPIO_InitStruct.Mode = GPIO_MODE_AF_PP;
 227              		.loc 1 124 26
 228 0042 0223     		movs	r3, #2
 229 0044 3B61     		str	r3, [r7, #16]
 125:Core/Src/stm32f4xx_hal_msp.c ****     GPIO_InitStruct.Pull = GPIO_NOPULL;
 230              		.loc 1 125 26
 231 0046 0023     		movs	r3, #0
 232 0048 7B61     		str	r3, [r7, #20]
 126:Core/Src/stm32f4xx_hal_msp.c ****     GPIO_InitStruct.Speed = GPIO_SPEED_FREQ_LOW;
 233              		.loc 1 126 27
 234 004a 0023     		movs	r3, #0
 235 004c BB61     		str	r3, [r7, #24]
 127:Core/Src/stm32f4xx_hal_msp.c ****     GPIO_InitStruct.Alternate = GPIO_AF2_TIM3;
 236              		.loc 1 127 31
 237 004e 0223     		movs	r3, #2
 238 0050 FB61     		str	r3, [r7, #28]
 128:Core/Src/stm32f4xx_hal_msp.c ****     HAL_GPIO_Init(GPIOA, &GPIO_InitStruct);
 239              		.loc 1 128 5
 240 0052 07F10C03 		add	r3, r7, #12
 241 0056 1946     		mov	r1, r3
 242 0058 0548     		ldr	r0, .L12+8
 243 005a FFF7FEFF 		bl	HAL_GPIO_Init
 244              	.L11:
 129:Core/Src/stm32f4xx_hal_msp.c **** 
 130:Core/Src/stm32f4xx_hal_msp.c ****   /* USER CODE BEGIN TIM3_MspPostInit 1 */
 131:Core/Src/stm32f4xx_hal_msp.c **** 
 132:Core/Src/stm32f4xx_hal_msp.c ****   /* USER CODE END TIM3_MspPostInit 1 */
 133:Core/Src/stm32f4xx_hal_msp.c ****   }
 134:Core/Src/stm32f4xx_hal_msp.c **** 
 135:Core/Src/stm32f4xx_hal_msp.c **** }
 245              		.loc 1 135 1
 246 005e 00BF     		nop
 247 0060 2037     		adds	r7, r7, #32
 248              	.LCFI14:
 249              		.cfi_def_cfa_offset 8
 250 0062 BD46     		mov	sp, r7
 251              	.LCFI15:
 252              		.cfi_def_cfa_register 13
 253              		@ sp needed
 254 0064 80BD     		pop	{r7, pc}
 255              	.L13:
 256 0066 00BF     		.align	2
 257              	.L12:
 258 0068 00040040 		.word	1073742848
 259 006c 00380240 		.word	1073887232
 260 0070 00000240 		.word	1073872896
 261              		.cfi_endproc
 262              	.LFE132:
 264              		.section	.text.HAL_TIM_Base_MspDeInit,"ax",%progbits
 265              		.align	1
 266              		.global	HAL_TIM_Base_MspDeInit
 267              		.syntax unified
 268              		.thumb
 269              		.thumb_func
 271              	HAL_TIM_Base_MspDeInit:
ARM GAS  C:\Users\DAELT-~1\AppData\Local\Temp\ccroZjT2.s 			page 8


 272              	.LFB133:
 136:Core/Src/stm32f4xx_hal_msp.c **** /**
 137:Core/Src/stm32f4xx_hal_msp.c **** * @brief TIM_Base MSP De-Initialization
 138:Core/Src/stm32f4xx_hal_msp.c **** * This function freeze the hardware resources used in this example
 139:Core/Src/stm32f4xx_hal_msp.c **** * @param htim_base: TIM_Base handle pointer
 140:Core/Src/stm32f4xx_hal_msp.c **** * @retval None
 141:Core/Src/stm32f4xx_hal_msp.c **** */
 142:Core/Src/stm32f4xx_hal_msp.c **** void HAL_TIM_Base_MspDeInit(TIM_HandleTypeDef* htim_base)
 143:Core/Src/stm32f4xx_hal_msp.c **** {
 273              		.loc 1 143 1
 274              		.cfi_startproc
 275              		@ args = 0, pretend = 0, frame = 8
 276              		@ frame_needed = 1, uses_anonymous_args = 0
 277 0000 80B5     		push	{r7, lr}
 278              	.LCFI16:
 279              		.cfi_def_cfa_offset 8
 280              		.cfi_offset 7, -8
 281              		.cfi_offset 14, -4
 282 0002 82B0     		sub	sp, sp, #8
 283              	.LCFI17:
 284              		.cfi_def_cfa_offset 16
 285 0004 00AF     		add	r7, sp, #0
 286              	.LCFI18:
 287              		.cfi_def_cfa_register 7
 288 0006 7860     		str	r0, [r7, #4]
 144:Core/Src/stm32f4xx_hal_msp.c ****   if(htim_base->Instance==TIM3)
 289              		.loc 1 144 15
 290 0008 7B68     		ldr	r3, [r7, #4]
 291 000a 1B68     		ldr	r3, [r3]
 292              		.loc 1 144 5
 293 000c 074A     		ldr	r2, .L17
 294 000e 9342     		cmp	r3, r2
 295 0010 08D1     		bne	.L16
 145:Core/Src/stm32f4xx_hal_msp.c ****   {
 146:Core/Src/stm32f4xx_hal_msp.c ****   /* USER CODE BEGIN TIM3_MspDeInit 0 */
 147:Core/Src/stm32f4xx_hal_msp.c **** 
 148:Core/Src/stm32f4xx_hal_msp.c ****   /* USER CODE END TIM3_MspDeInit 0 */
 149:Core/Src/stm32f4xx_hal_msp.c ****     /* Peripheral clock disable */
 150:Core/Src/stm32f4xx_hal_msp.c ****     __HAL_RCC_TIM3_CLK_DISABLE();
 296              		.loc 1 150 5
 297 0012 074B     		ldr	r3, .L17+4
 298 0014 1B6C     		ldr	r3, [r3, #64]
 299 0016 064A     		ldr	r2, .L17+4
 300 0018 23F00203 		bic	r3, r3, #2
 301 001c 1364     		str	r3, [r2, #64]
 151:Core/Src/stm32f4xx_hal_msp.c **** 
 152:Core/Src/stm32f4xx_hal_msp.c ****     /* TIM3 interrupt DeInit */
 153:Core/Src/stm32f4xx_hal_msp.c ****     HAL_NVIC_DisableIRQ(TIM3_IRQn);
 302              		.loc 1 153 5
 303 001e 1D20     		movs	r0, #29
 304 0020 FFF7FEFF 		bl	HAL_NVIC_DisableIRQ
 305              	.L16:
 154:Core/Src/stm32f4xx_hal_msp.c ****   /* USER CODE BEGIN TIM3_MspDeInit 1 */
 155:Core/Src/stm32f4xx_hal_msp.c **** 
 156:Core/Src/stm32f4xx_hal_msp.c ****   /* USER CODE END TIM3_MspDeInit 1 */
 157:Core/Src/stm32f4xx_hal_msp.c ****   }
 158:Core/Src/stm32f4xx_hal_msp.c **** 
ARM GAS  C:\Users\DAELT-~1\AppData\Local\Temp\ccroZjT2.s 			page 9


 159:Core/Src/stm32f4xx_hal_msp.c **** }
 306              		.loc 1 159 1
 307 0024 00BF     		nop
 308 0026 0837     		adds	r7, r7, #8
 309              	.LCFI19:
 310              		.cfi_def_cfa_offset 8
 311 0028 BD46     		mov	sp, r7
 312              	.LCFI20:
 313              		.cfi_def_cfa_register 13
 314              		@ sp needed
 315 002a 80BD     		pop	{r7, pc}
 316              	.L18:
 317              		.align	2
 318              	.L17:
 319 002c 00040040 		.word	1073742848
 320 0030 00380240 		.word	1073887232
 321              		.cfi_endproc
 322              	.LFE133:
 324              		.text
 325              	.Letext0:
 326              		.file 2 "Drivers/CMSIS/Device/ST/STM32F4xx/Include/stm32f411xe.h"
 327              		.file 3 "C:/tools/arm-gnu-toolchain-13.2.rel1-mingw-w64-i686-arm-none-eabi/arm-none-eabi/include/m
 328              		.file 4 "C:/tools/arm-gnu-toolchain-13.2.rel1-mingw-w64-i686-arm-none-eabi/arm-none-eabi/include/s
 329              		.file 5 "Drivers/STM32F4xx_HAL_Driver/Inc/stm32f4xx_hal_def.h"
 330              		.file 6 "Drivers/STM32F4xx_HAL_Driver/Inc/stm32f4xx_hal_gpio.h"
 331              		.file 7 "Drivers/STM32F4xx_HAL_Driver/Inc/stm32f4xx_hal_dma.h"
 332              		.file 8 "Drivers/STM32F4xx_HAL_Driver/Inc/stm32f4xx_hal_tim.h"
 333              		.file 9 "Drivers/STM32F4xx_HAL_Driver/Inc/stm32f4xx_hal_cortex.h"
ARM GAS  C:\Users\DAELT-~1\AppData\Local\Temp\ccroZjT2.s 			page 10


DEFINED SYMBOLS
                            *ABS*:00000000 stm32f4xx_hal_msp.c
C:\Users\DAELT-~1\AppData\Local\Temp\ccroZjT2.s:21     .text.HAL_MspInit:00000000 $t
C:\Users\DAELT-~1\AppData\Local\Temp\ccroZjT2.s:27     .text.HAL_MspInit:00000000 HAL_MspInit
C:\Users\DAELT-~1\AppData\Local\Temp\ccroZjT2.s:91     .text.HAL_MspInit:0000004c $d
C:\Users\DAELT-~1\AppData\Local\Temp\ccroZjT2.s:96     .text.HAL_TIM_Base_MspInit:00000000 $t
C:\Users\DAELT-~1\AppData\Local\Temp\ccroZjT2.s:102    .text.HAL_TIM_Base_MspInit:00000000 HAL_TIM_Base_MspInit
C:\Users\DAELT-~1\AppData\Local\Temp\ccroZjT2.s:164    .text.HAL_TIM_Base_MspInit:00000048 $d
C:\Users\DAELT-~1\AppData\Local\Temp\ccroZjT2.s:170    .text.HAL_TIM_MspPostInit:00000000 $t
C:\Users\DAELT-~1\AppData\Local\Temp\ccroZjT2.s:176    .text.HAL_TIM_MspPostInit:00000000 HAL_TIM_MspPostInit
C:\Users\DAELT-~1\AppData\Local\Temp\ccroZjT2.s:258    .text.HAL_TIM_MspPostInit:00000068 $d
C:\Users\DAELT-~1\AppData\Local\Temp\ccroZjT2.s:265    .text.HAL_TIM_Base_MspDeInit:00000000 $t
C:\Users\DAELT-~1\AppData\Local\Temp\ccroZjT2.s:271    .text.HAL_TIM_Base_MspDeInit:00000000 HAL_TIM_Base_MspDeInit
C:\Users\DAELT-~1\AppData\Local\Temp\ccroZjT2.s:319    .text.HAL_TIM_Base_MspDeInit:0000002c $d

UNDEFINED SYMBOLS
HAL_NVIC_SetPriority
HAL_NVIC_EnableIRQ
HAL_GPIO_Init
HAL_NVIC_DisableIRQ
